{"C:\\baps\\react_all\\todos2022\\react-app\\src\\components\\TodoAdd\\TodoAdd.tsx": {"path":"C:\\baps\\react_all\\todos2022\\react-app\\src\\components\\TodoAdd\\TodoAdd.tsx","statementMap":{"0":{"start":{"line":1,"column":43},"end":{"line":1,"column":null}},"1":{"start":{"line":2,"column":46},"end":{"line":2,"column":null}},"2":{"start":{"line":3,"column":52},"end":{"line":3,"column":null}},"3":{"start":{"line":6,"column":20},"end":{"line":40,"column":1}},"4":{"start":{"line":7,"column":39},"end":{"line":7,"column":47}},"5":{"start":{"line":9,"column":36},"end":{"line":9,"column":44}},"6":{"start":{"line":11,"column":23},"end":{"line":13,"column":3}},"7":{"start":{"line":12,"column":4},"end":{"line":12,"column":35}},"8":{"start":{"line":14,"column":23},"end":{"line":24,"column":3}},"9":{"start":{"line":15,"column":28},"end":{"line":15,"column":78}},"10":{"start":{"line":15,"column":50},"end":{"line":15,"column":77}},"11":{"start":{"line":16,"column":4},"end":{"line":22,"column":null}},"12":{"start":{"line":17,"column":6},"end":{"line":21,"column":9}},"13":{"start":{"line":18,"column":8},"end":{"line":20,"column":11}},"14":{"start":{"line":23,"column":4},"end":{"line":23,"column":25}},"15":{"start":{"line":25,"column":2},"end":{"line":38,"column":null}},"16":{"start":{"line":42,"column":15},"end":{"line":42,"column":22}}},"fnMap":{"0":{"name":"(anonymous_2)","decl":{"start":{"line":6,"column":20},"end":{"line":6,"column":26}},"loc":{"start":{"line":6,"column":26},"end":{"line":40,"column":1}}},"1":{"name":"(anonymous_3)","decl":{"start":{"line":11,"column":23},"end":{"line":11,"column":24}},"loc":{"start":{"line":11,"column":49},"end":{"line":13,"column":3}}},"2":{"name":"(anonymous_4)","decl":{"start":{"line":14,"column":23},"end":{"line":14,"column":24}},"loc":{"start":{"line":14,"column":42},"end":{"line":24,"column":3}}},"3":{"name":"(anonymous_5)","decl":{"start":{"line":15,"column":42},"end":{"line":15,"column":46}},"loc":{"start":{"line":15,"column":50},"end":{"line":15,"column":77}}},"4":{"name":"(anonymous_6)","decl":{"start":{"line":17,"column":44},"end":{"line":17,"column":45}},"loc":{"start":{"line":17,"column":54},"end":{"line":21,"column":8}}}},"branchMap":{"0":{"loc":{"start":{"line":16,"column":4},"end":{"line":22,"column":null}},"type":"if","locations":[{"start":{"line":16,"column":4},"end":{"line":22,"column":null}}]}},"s":{"0":1,"1":1,"2":1,"3":1,"4":2,"5":2,"6":2,"7":0,"8":2,"9":0,"10":0,"11":0,"12":0,"13":0,"14":0,"15":2,"16":1},"f":{"0":2,"1":0,"2":0,"3":0,"4":0},"b":{"0":[0]}}
,"C:\\baps\\react_all\\todos2022\\react-app\\src\\components\\TodoArticle\\TodoArticle.tsx": {"path":"C:\\baps\\react_all\\todos2022\\react-app\\src\\components\\TodoArticle\\TodoArticle.tsx","statementMap":{"0":{"start":{"line":1,"column":33},"end":{"line":1,"column":null}},"1":{"start":{"line":2,"column":52},"end":{"line":2,"column":null}},"2":{"start":{"line":4,"column":52},"end":{"line":4,"column":null}},"3":{"start":{"line":5,"column":51},"end":{"line":5,"column":null}},"4":{"start":{"line":18,"column":30},"end":{"line":31,"column":1}},"5":{"start":{"line":20,"column":2},"end":{"line":29,"column":null}},"6":{"start":{"line":33,"column":31},"end":{"line":59,"column":1}},"7":{"start":{"line":34,"column":30},"end":{"line":34,"column":38}},"8":{"start":{"line":35,"column":23},"end":{"line":44,"column":null}},"9":{"start":{"line":36,"column":15},"end":{"line":36,"column":31}},"10":{"start":{"line":38,"column":4},"end":{"line":38,"column":null}},"11":{"start":{"line":39,"column":4},"end":{"line":43,"column":7}},"12":{"start":{"line":40,"column":6},"end":{"line":42,"column":9}},"13":{"start":{"line":45,"column":2},"end":{"line":57,"column":null}},"14":{"start":{"line":51,"column":12},"end":{"line":51,"column":null}},"15":{"start":{"line":61,"column":15},"end":{"line":61,"column":26}}},"fnMap":{"0":{"name":"(anonymous_1)","decl":{"start":{"line":18,"column":30},"end":{"line":18,"column":31}},"loc":{"start":{"line":18,"column":79},"end":{"line":31,"column":1}}},"1":{"name":"(anonymous_2)","decl":{"start":{"line":33,"column":31},"end":{"line":33,"column":32}},"loc":{"start":{"line":33,"column":79},"end":{"line":59,"column":1}}},"2":{"name":"(anonymous_3)","decl":{"start":{"line":35,"column":23},"end":{"line":35,"column":24}},"loc":{"start":{"line":35,"column":49},"end":{"line":44,"column":null}}},"3":{"name":"(anonymous_4)","decl":{"start":{"line":39,"column":53},"end":{"line":39,"column":54}},"loc":{"start":{"line":39,"column":63},"end":{"line":43,"column":6}}},"4":{"name":"(anonymous_5)","decl":{"start":{"line":50,"column":25},"end":{"line":50,"column":26}},"loc":{"start":{"line":51,"column":12},"end":{"line":51,"column":null}}}},"branchMap":{"0":{"loc":{"start":{"line":33,"column":45},"end":{"line":33,"column":59}},"type":"default-arg","locations":[{"start":{"line":33,"column":57},"end":{"line":33,"column":59}}]},"1":{"loc":{"start":{"line":48,"column":7},"end":{"line":56,"column":14}},"type":"cond-expr","locations":[{"start":{"line":49,"column":8},"end":{"line":55,"column":null}},{"start":{"line":56,"column":10},"end":{"line":56,"column":14}}]}},"s":{"0":1,"1":1,"2":1,"3":1,"4":1,"5":2,"6":1,"7":4,"8":4,"9":0,"10":0,"11":0,"12":0,"13":4,"14":2,"15":1},"f":{"0":2,"1":4,"2":0,"3":0,"4":2},"b":{"0":[0],"1":[2,2]}}
,"C:\\baps\\react_all\\todos2022\\react-app\\src\\components\\Todos\\Todos.tsx": {"path":"C:\\baps\\react_all\\todos2022\\react-app\\src\\components\\Todos\\Todos.tsx","statementMap":{"0":{"start":{"line":1,"column":47},"end":{"line":1,"column":null}},"1":{"start":{"line":3,"column":24},"end":{"line":3,"column":null}},"2":{"start":{"line":5,"column":64},"end":{"line":5,"column":null}},"3":{"start":{"line":6,"column":51},"end":{"line":6,"column":null}},"4":{"start":{"line":8,"column":67},"end":{"line":8,"column":null}},"5":{"start":{"line":9,"column":65},"end":{"line":9,"column":null}},"6":{"start":{"line":11,"column":52},"end":{"line":11,"column":null}},"7":{"start":{"line":12,"column":52},"end":{"line":12,"column":null}},"8":{"start":{"line":15,"column":18},"end":{"line":45,"column":1}},"9":{"start":{"line":16,"column":50},"end":{"line":16,"column":58}},"10":{"start":{"line":17,"column":32},"end":{"line":17,"column":38}},"11":{"start":{"line":19,"column":15},"end":{"line":19,"column":44}},"12":{"start":{"line":20,"column":24},"end":{"line":20,"column":36}},"13":{"start":{"line":21,"column":26},"end":{"line":21,"column":40}},"14":{"start":{"line":23,"column":2},"end":{"line":29,"column":39}},"15":{"start":{"line":25,"column":4},"end":{"line":28,"column":7}},"16":{"start":{"line":31,"column":2},"end":{"line":31,"column":74}},"17":{"start":{"line":31,"column":13},"end":{"line":31,"column":74}},"18":{"start":{"line":32,"column":2},"end":{"line":32,"column":73}},"19":{"start":{"line":32,"column":13},"end":{"line":32,"column":73}},"20":{"start":{"line":35,"column":2},"end":{"line":43,"column":null}},"21":{"start":{"line":47,"column":15},"end":{"line":47,"column":20}}},"fnMap":{"0":{"name":"(anonymous_1)","decl":{"start":{"line":15,"column":18},"end":{"line":15,"column":24}},"loc":{"start":{"line":15,"column":24},"end":{"line":45,"column":1}}},"1":{"name":"(anonymous_2)","decl":{"start":{"line":23,"column":12},"end":{"line":23,"column":18}},"loc":{"start":{"line":23,"column":18},"end":{"line":29,"column":5}}}},"branchMap":{"0":{"loc":{"start":{"line":31,"column":2},"end":{"line":31,"column":74}},"type":"if","locations":[{"start":{"line":31,"column":2},"end":{"line":31,"column":74}}]},"1":{"loc":{"start":{"line":32,"column":2},"end":{"line":32,"column":73}},"type":"if","locations":[{"start":{"line":32,"column":2},"end":{"line":32,"column":73}}]}},"s":{"0":1,"1":1,"2":1,"3":1,"4":1,"5":1,"6":1,"7":1,"8":1,"9":3,"10":3,"11":3,"12":3,"13":3,"14":3,"15":2,"16":3,"17":0,"18":3,"19":1,"20":2,"21":1},"f":{"0":3,"1":2},"b":{"0":[0],"1":[1]}}
,"C:\\baps\\react_all\\todos2022\\react-app\\src\\pages\\todos\\index.tsx": {"path":"C:\\baps\\react_all\\todos2022\\react-app\\src\\pages\\todos\\index.tsx","statementMap":{"0":{"start":{"line":2,"column":55},"end":{"line":2,"column":null}},"1":{"start":{"line":3,"column":51},"end":{"line":3,"column":null}},"2":{"start":{"line":4,"column":46},"end":{"line":4,"column":null}},"3":{"start":{"line":6,"column":28},"end":{"line":15,"column":1}},"4":{"start":{"line":7,"column":2},"end":{"line":13,"column":null}},"5":{"start":{"line":17,"column":15},"end":{"line":17,"column":24}}},"fnMap":{"0":{"name":"(anonymous_1)","decl":{"start":{"line":6,"column":28},"end":{"line":6,"column":34}},"loc":{"start":{"line":6,"column":34},"end":{"line":15,"column":1}}}},"branchMap":{},"s":{"0":1,"1":1,"2":1,"3":1,"4":1,"5":1},"f":{"0":1},"b":{}}
,"C:\\baps\\react_all\\todos2022\\react-app\\src\\services\\addTodo.ts": {"path":"C:\\baps\\react_all\\todos2022\\react-app\\src\\services\\addTodo.ts","statementMap":{"0":{"start":{"line":1,"column":44},"end":{"line":1,"column":null}},"1":{"start":{"line":3,"column":40},"end":{"line":3,"column":null}},"2":{"start":{"line":6,"column":29},"end":{"line":6,"column":50}},"3":{"start":{"line":6,"column":13},"end":{"line":6,"column":29}},"4":{"start":{"line":16,"column":33},"end":{"line":17,"column":56}},"5":{"start":{"line":17,"column":2},"end":{"line":17,"column":56}},"6":{"start":{"line":16,"column":13},"end":{"line":16,"column":33}}},"fnMap":{"0":{"name":"(anonymous_1)","decl":{"start":{"line":16,"column":33},"end":{"line":16,"column":34}},"loc":{"start":{"line":17,"column":2},"end":{"line":17,"column":56}}}},"branchMap":{},"s":{"0":1,"1":1,"2":1,"3":1,"4":1,"5":0,"6":1},"f":{"0":0},"b":{}}
,"C:\\baps\\react_all\\todos2022\\react-app\\src\\services\\getTodos.ts": {"path":"C:\\baps\\react_all\\todos2022\\react-app\\src\\services\\getTodos.ts","statementMap":{"0":{"start":{"line":1,"column":25},"end":{"line":1,"column":null}},"1":{"start":{"line":5,"column":29},"end":{"line":5,"column":45}},"2":{"start":{"line":5,"column":13},"end":{"line":5,"column":29}},"3":{"start":{"line":8,"column":39},"end":{"line":8,"column":77}},"4":{"start":{"line":8,"column":48},"end":{"line":8,"column":77}},"5":{"start":{"line":8,"column":13},"end":{"line":8,"column":39}}},"fnMap":{"0":{"name":"(anonymous_1)","decl":{"start":{"line":8,"column":39},"end":{"line":8,"column":40}},"loc":{"start":{"line":8,"column":48},"end":{"line":8,"column":77}}}},"branchMap":{},"s":{"0":1,"1":1,"2":1,"3":1,"4":1,"5":1},"f":{"0":1},"b":{}}
,"C:\\baps\\react_all\\todos2022\\react-app\\src\\services\\updateTodo.ts": {"path":"C:\\baps\\react_all\\todos2022\\react-app\\src\\services\\updateTodo.ts","statementMap":{"0":{"start":{"line":1,"column":44},"end":{"line":1,"column":null}},"1":{"start":{"line":3,"column":40},"end":{"line":3,"column":null}},"2":{"start":{"line":5,"column":32},"end":{"line":5,"column":56}},"3":{"start":{"line":5,"column":13},"end":{"line":5,"column":32}},"4":{"start":{"line":14,"column":39},"end":{"line":15,"column":59}},"5":{"start":{"line":15,"column":2},"end":{"line":15,"column":59}},"6":{"start":{"line":14,"column":13},"end":{"line":14,"column":39}}},"fnMap":{"0":{"name":"(anonymous_1)","decl":{"start":{"line":14,"column":39},"end":{"line":14,"column":40}},"loc":{"start":{"line":15,"column":2},"end":{"line":15,"column":59}}}},"branchMap":{},"s":{"0":1,"1":1,"2":1,"3":1,"4":1,"5":0,"6":1},"f":{"0":0},"b":{}}
,"C:\\baps\\react_all\\todos2022\\react-app\\src\\services\\util.ts": {"path":"C:\\baps\\react_all\\todos2022\\react-app\\src\\services\\util.ts","statementMap":{"0":{"start":{"line":4,"column":31},"end":{"line":4,"column":47}},"1":{"start":{"line":4,"column":13},"end":{"line":4,"column":31}}},"fnMap":{},"branchMap":{},"s":{"0":1,"1":1},"f":{},"b":{}}
,"C:\\baps\\react_all\\todos2022\\react-app\\src\\store\\data\\todos\\_initialState.ts": {"path":"C:\\baps\\react_all\\todos2022\\react-app\\src\\store\\data\\todos\\_initialState.ts","statementMap":{"0":{"start":{"line":8,"column":35},"end":{"line":11,"column":1}},"1":{"start":{"line":13,"column":15},"end":{"line":13,"column":27}}},"fnMap":{},"branchMap":{},"s":{"0":2,"1":2},"f":{},"b":{}}
,"C:\\baps\\react_all\\todos2022\\react-app\\src\\store\\data\\todos\\actionAndReducers\\populateTodos.ts": {"path":"C:\\baps\\react_all\\todos2022\\react-app\\src\\store\\data\\todos\\actionAndReducers\\populateTodos.ts","statementMap":{"0":{"start":{"line":4,"column":35},"end":{"line":4,"column":57}},"1":{"start":{"line":4,"column":13},"end":{"line":4,"column":35}},"2":{"start":{"line":16,"column":49},"end":{"line":19,"column":2}},"3":{"start":{"line":16,"column":63},"end":{"line":19,"column":2}},"4":{"start":{"line":16,"column":13},"end":{"line":16,"column":49}},"5":{"start":{"line":22,"column":51},"end":{"line":33,"column":1}},"6":{"start":{"line":23,"column":17},"end":{"line":23,"column":24}},"7":{"start":{"line":25,"column":18},"end":{"line":25,"column":50}},"8":{"start":{"line":26,"column":21},"end":{"line":26,"column":57}},"9":{"start":{"line":28,"column":2},"end":{"line":32,"column":4}},"10":{"start":{"line":22,"column":13},"end":{"line":22,"column":51}}},"fnMap":{"0":{"name":"(anonymous_0)","decl":{"start":{"line":16,"column":49},"end":{"line":16,"column":50}},"loc":{"start":{"line":16,"column":63},"end":{"line":19,"column":2}}},"1":{"name":"(anonymous_1)","decl":{"start":{"line":22,"column":51},"end":{"line":22,"column":52}},"loc":{"start":{"line":22,"column":75},"end":{"line":33,"column":1}}}},"branchMap":{"0":{"loc":{"start":{"line":25,"column":18},"end":{"line":25,"column":50}},"type":"binary-expr","locations":[{"start":{"line":25,"column":18},"end":{"line":25,"column":33}},{"start":{"line":25,"column":37},"end":{"line":25,"column":50}}]},"1":{"loc":{"start":{"line":26,"column":21},"end":{"line":26,"column":57}},"type":"binary-expr","locations":[{"start":{"line":26,"column":21},"end":{"line":26,"column":38}},{"start":{"line":26,"column":42},"end":{"line":26,"column":57}}]}},"s":{"0":2,"1":2,"2":2,"3":2,"4":2,"5":2,"6":3,"7":3,"8":3,"9":3,"10":2},"f":{"0":2,"1":3},"b":{"0":[3,1],"1":[3,2]}}
,"C:\\baps\\react_all\\todos2022\\react-app\\src\\types\\index.ts": {"path":"C:\\baps\\react_all\\todos2022\\react-app\\src\\types\\index.ts","statementMap":{"0":{"start":{"line":1,"column":14},"end":{"line":1,"column":26}},"1":{"start":{"line":1,"column":0},"end":{"line":1,"column":null}},"2":{"start":{"line":1,"column":26},"end":{"line":1,"column":null}},"3":{"start":{"line":2,"column":14},"end":{"line":2,"column":25}},"4":{"start":{"line":2,"column":0},"end":{"line":2,"column":null}},"5":{"start":{"line":2,"column":25},"end":{"line":2,"column":null}}},"fnMap":{"0":{"name":"(anonymous_0)","decl":{"start":{"line":1,"column":26},"end":{"line":1,"column":null}},"loc":{"start":{"line":1,"column":26},"end":{"line":1,"column":null}}},"1":{"name":"(anonymous_2)","decl":{"start":{"line":2,"column":25},"end":{"line":2,"column":null}},"loc":{"start":{"line":2,"column":25},"end":{"line":2,"column":null}}}},"branchMap":{"0":{"loc":{"start":{"line":1,"column":0},"end":{"line":1,"column":null}},"type":"if","locations":[{"start":{"line":1,"column":0},"end":{"line":1,"column":null}}]},"1":{"loc":{"start":{"line":1,"column":0},"end":{"line":1,"column":null}},"type":"binary-expr","locations":[{"start":{"line":1,"column":0},"end":{"line":1,"column":14}},{"start":{"line":1,"column":0},"end":{"line":1,"column":null}}]},"2":{"loc":{"start":{"line":2,"column":0},"end":{"line":2,"column":null}},"type":"if","locations":[{"start":{"line":2,"column":0},"end":{"line":2,"column":null}}]},"3":{"loc":{"start":{"line":2,"column":0},"end":{"line":2,"column":null}},"type":"binary-expr","locations":[{"start":{"line":2,"column":0},"end":{"line":2,"column":14}},{"start":{"line":2,"column":0},"end":{"line":2,"column":null}}]}},"s":{"0":0,"1":0,"2":0,"3":0,"4":0,"5":0},"f":{"0":0,"1":0},"b":{"0":[0],"1":[0,0],"2":[0],"3":[0,0]}}
}
