{"C:\\baps\\react_all\\todos2022\\react-app\\src\\components\\TodoAdd\\TodoAdd.tsx": {"path":"C:\\baps\\react_all\\todos2022\\react-app\\src\\components\\TodoAdd\\TodoAdd.tsx","statementMap":{"0":{"start":{"line":1,"column":43},"end":{"line":1,"column":null}},"1":{"start":{"line":2,"column":45},"end":{"line":2,"column":null}},"2":{"start":{"line":3,"column":52},"end":{"line":3,"column":null}},"3":{"start":{"line":6,"column":20},"end":{"line":39,"column":1}},"4":{"start":{"line":7,"column":39},"end":{"line":7,"column":47}},"5":{"start":{"line":9,"column":36},"end":{"line":9,"column":44}},"6":{"start":{"line":11,"column":23},"end":{"line":13,"column":3}},"7":{"start":{"line":12,"column":4},"end":{"line":12,"column":35}},"8":{"start":{"line":14,"column":23},"end":{"line":23,"column":3}},"9":{"start":{"line":15,"column":4},"end":{"line":21,"column":null}},"10":{"start":{"line":16,"column":6},"end":{"line":20,"column":9}},"11":{"start":{"line":17,"column":8},"end":{"line":19,"column":11}},"12":{"start":{"line":22,"column":4},"end":{"line":22,"column":25}},"13":{"start":{"line":24,"column":2},"end":{"line":37,"column":null}},"14":{"start":{"line":41,"column":15},"end":{"line":41,"column":22}}},"fnMap":{"0":{"name":"(anonymous_2)","decl":{"start":{"line":6,"column":20},"end":{"line":6,"column":26}},"loc":{"start":{"line":6,"column":26},"end":{"line":39,"column":1}}},"1":{"name":"(anonymous_3)","decl":{"start":{"line":11,"column":23},"end":{"line":11,"column":24}},"loc":{"start":{"line":11,"column":49},"end":{"line":13,"column":3}}},"2":{"name":"(anonymous_4)","decl":{"start":{"line":14,"column":23},"end":{"line":14,"column":24}},"loc":{"start":{"line":14,"column":42},"end":{"line":23,"column":3}}},"3":{"name":"(anonymous_5)","decl":{"start":{"line":16,"column":42},"end":{"line":16,"column":43}},"loc":{"start":{"line":16,"column":52},"end":{"line":20,"column":8}}}},"branchMap":{"0":{"loc":{"start":{"line":15,"column":4},"end":{"line":21,"column":null}},"type":"if","locations":[{"start":{"line":15,"column":4},"end":{"line":21,"column":null}}]}},"s":{"0":1,"1":1,"2":1,"3":1,"4":2,"5":2,"6":2,"7":0,"8":2,"9":0,"10":0,"11":0,"12":0,"13":2,"14":1},"f":{"0":2,"1":0,"2":0,"3":0},"b":{"0":[0]}}
,"C:\\baps\\react_all\\todos2022\\react-app\\src\\components\\Todos\\Todos.tsx": {"path":"C:\\baps\\react_all\\todos2022\\react-app\\src\\components\\Todos\\Todos.tsx","statementMap":{"0":{"start":{"line":1,"column":47},"end":{"line":1,"column":null}},"1":{"start":{"line":3,"column":24},"end":{"line":3,"column":null}},"2":{"start":{"line":5,"column":64},"end":{"line":5,"column":null}},"3":{"start":{"line":6,"column":51},"end":{"line":6,"column":null}},"4":{"start":{"line":8,"column":94},"end":{"line":8,"column":null}},"5":{"start":{"line":9,"column":52},"end":{"line":9,"column":null}},"6":{"start":{"line":10,"column":52},"end":{"line":10,"column":null}},"7":{"start":{"line":12,"column":18},"end":{"line":41,"column":1}},"8":{"start":{"line":13,"column":50},"end":{"line":13,"column":58}},"9":{"start":{"line":14,"column":32},"end":{"line":14,"column":38}},"10":{"start":{"line":16,"column":15},"end":{"line":16,"column":44}},"11":{"start":{"line":17,"column":24},"end":{"line":17,"column":36}},"12":{"start":{"line":18,"column":26},"end":{"line":18,"column":40}},"13":{"start":{"line":20,"column":2},"end":{"line":25,"column":39}},"14":{"start":{"line":21,"column":4},"end":{"line":24,"column":7}},"15":{"start":{"line":27,"column":2},"end":{"line":27,"column":74}},"16":{"start":{"line":27,"column":13},"end":{"line":27,"column":74}},"17":{"start":{"line":28,"column":2},"end":{"line":28,"column":73}},"18":{"start":{"line":28,"column":13},"end":{"line":28,"column":73}},"19":{"start":{"line":31,"column":2},"end":{"line":39,"column":null}},"20":{"start":{"line":43,"column":15},"end":{"line":43,"column":20}}},"fnMap":{"0":{"name":"(anonymous_1)","decl":{"start":{"line":12,"column":18},"end":{"line":12,"column":24}},"loc":{"start":{"line":12,"column":24},"end":{"line":41,"column":1}}},"1":{"name":"(anonymous_2)","decl":{"start":{"line":20,"column":12},"end":{"line":20,"column":18}},"loc":{"start":{"line":20,"column":18},"end":{"line":25,"column":5}}}},"branchMap":{"0":{"loc":{"start":{"line":27,"column":2},"end":{"line":27,"column":74}},"type":"if","locations":[{"start":{"line":27,"column":2},"end":{"line":27,"column":74}}]},"1":{"loc":{"start":{"line":28,"column":2},"end":{"line":28,"column":73}},"type":"if","locations":[{"start":{"line":28,"column":2},"end":{"line":28,"column":73}}]}},"s":{"0":1,"1":1,"2":1,"3":1,"4":1,"5":1,"6":1,"7":1,"8":3,"9":3,"10":3,"11":3,"12":3,"13":3,"14":2,"15":3,"16":0,"17":3,"18":1,"19":2,"20":1},"f":{"0":3,"1":2},"b":{"0":[0],"1":[1]}}
,"C:\\baps\\react_all\\todos2022\\react-app\\src\\pages\\todos\\index.tsx": {"path":"C:\\baps\\react_all\\todos2022\\react-app\\src\\pages\\todos\\index.tsx","statementMap":{"0":{"start":{"line":2,"column":55},"end":{"line":2,"column":null}},"1":{"start":{"line":3,"column":51},"end":{"line":3,"column":null}},"2":{"start":{"line":4,"column":46},"end":{"line":4,"column":null}},"3":{"start":{"line":6,"column":28},"end":{"line":15,"column":1}},"4":{"start":{"line":7,"column":2},"end":{"line":13,"column":null}},"5":{"start":{"line":17,"column":15},"end":{"line":17,"column":24}}},"fnMap":{"0":{"name":"(anonymous_1)","decl":{"start":{"line":6,"column":28},"end":{"line":6,"column":34}},"loc":{"start":{"line":6,"column":34},"end":{"line":15,"column":1}}}},"branchMap":{},"s":{"0":1,"1":1,"2":1,"3":1,"4":1,"5":1},"f":{"0":1},"b":{}}
,"C:\\baps\\react_all\\todos2022\\react-app\\src\\services\\todos.ts": {"path":"C:\\baps\\react_all\\todos2022\\react-app\\src\\services\\todos.ts","statementMap":{"0":{"start":{"line":1,"column":44},"end":{"line":1,"column":null}},"1":{"start":{"line":5,"column":39},"end":{"line":5,"column":77}},"2":{"start":{"line":5,"column":48},"end":{"line":5,"column":77}},"3":{"start":{"line":5,"column":13},"end":{"line":5,"column":39}},"4":{"start":{"line":7,"column":30},"end":{"line":7,"column":46}},"5":{"start":{"line":7,"column":13},"end":{"line":7,"column":30}},"6":{"start":{"line":10,"column":29},"end":{"line":10,"column":45}},"7":{"start":{"line":10,"column":13},"end":{"line":10,"column":29}},"8":{"start":{"line":21,"column":30},"end":{"line":21,"column":47}},"9":{"start":{"line":21,"column":13},"end":{"line":21,"column":30}},"10":{"start":{"line":22,"column":34},"end":{"line":22,"column":98}},"11":{"start":{"line":22,"column":44},"end":{"line":22,"column":98}},"12":{"start":{"line":22,"column":13},"end":{"line":22,"column":34}}},"fnMap":{"0":{"name":"(anonymous_1)","decl":{"start":{"line":5,"column":39},"end":{"line":5,"column":40}},"loc":{"start":{"line":5,"column":48},"end":{"line":5,"column":77}}},"1":{"name":"(anonymous_2)","decl":{"start":{"line":22,"column":34},"end":{"line":22,"column":35}},"loc":{"start":{"line":22,"column":44},"end":{"line":22,"column":98}}}},"branchMap":{},"s":{"0":1,"1":1,"2":1,"3":1,"4":1,"5":1,"6":1,"7":1,"8":1,"9":1,"10":1,"11":0,"12":1},"f":{"0":1,"1":0},"b":{}}
,"C:\\baps\\react_all\\todos2022\\react-app\\src\\store\\data\\todos\\_initialState.ts": {"path":"C:\\baps\\react_all\\todos2022\\react-app\\src\\store\\data\\todos\\_initialState.ts","statementMap":{"0":{"start":{"line":7,"column":35},"end":{"line":10,"column":1}},"1":{"start":{"line":12,"column":15},"end":{"line":12,"column":27}}},"fnMap":{},"branchMap":{},"s":{"0":2,"1":2},"f":{},"b":{}}
,"C:\\baps\\react_all\\todos2022\\react-app\\src\\store\\data\\todos\\reducer.ts": {"path":"C:\\baps\\react_all\\todos2022\\react-app\\src\\store\\data\\todos\\reducer.ts","statementMap":{"0":{"start":{"line":2,"column":60},"end":{"line":2,"column":null}},"1":{"start":{"line":3,"column":89},"end":{"line":3,"column":null}},"2":{"start":{"line":5,"column":16},"end":{"line":13,"column":1}},"3":{"start":{"line":6,"column":22},"end":{"line":6,"column":28}},"4":{"start":{"line":7,"column":2},"end":{"line":12,"column":null}},"5":{"start":{"line":9,"column":6},"end":{"line":9,"column":50}},"6":{"start":{"line":11,"column":6},"end":{"line":11,"column":19}},"7":{"start":{"line":15,"column":15},"end":{"line":15,"column":22}}},"fnMap":{"0":{"name":"(anonymous_1)","decl":{"start":{"line":5,"column":16},"end":{"line":5,"column":17}},"loc":{"start":{"line":5,"column":89},"end":{"line":13,"column":1}}}},"branchMap":{"0":{"loc":{"start":{"line":5,"column":17},"end":{"line":5,"column":53}},"type":"default-arg","locations":[{"start":{"line":5,"column":39},"end":{"line":5,"column":53}}]},"1":{"loc":{"start":{"line":7,"column":2},"end":{"line":12,"column":null}},"type":"switch","locations":[{"start":{"line":8,"column":4},"end":{"line":9,"column":50}},{"start":{"line":10,"column":4},"end":{"line":11,"column":19}}]}},"s":{"0":1,"1":1,"2":1,"3":5,"4":5,"5":2,"6":3,"7":1},"f":{"0":5},"b":{"0":[3],"1":[2,3]}}
,"C:\\baps\\react_all\\todos2022\\react-app\\src\\store\\data\\todos\\useTodos.ts": {"path":"C:\\baps\\react_all\\todos2022\\react-app\\src\\store\\data\\todos\\useTodos.ts","statementMap":{"0":{"start":{"line":1,"column":25},"end":{"line":1,"column":null}},"1":{"start":{"line":2,"column":54},"end":{"line":2,"column":null}},"2":{"start":{"line":5,"column":95},"end":{"line":5,"column":null}},"3":{"start":{"line":7,"column":17},"end":{"line":16,"column":1}},"4":{"start":{"line":8,"column":19},"end":{"line":8,"column":30}},"5":{"start":{"line":9,"column":2},"end":{"line":15,"column":4}},"6":{"start":{"line":11,"column":6},"end":{"line":11,"column":41}},"7":{"start":{"line":13,"column":54},"end":{"line":13,"column":75}},"8":{"start":{"line":14,"column":56},"end":{"line":14,"column":79}},"9":{"start":{"line":18,"column":15},"end":{"line":18,"column":23}}},"fnMap":{"0":{"name":"(anonymous_1)","decl":{"start":{"line":7,"column":17},"end":{"line":7,"column":23}},"loc":{"start":{"line":7,"column":23},"end":{"line":16,"column":1}}},"1":{"name":"(anonymous_2)","decl":{"start":{"line":10,"column":21},"end":{"line":10,"column":22}},"loc":{"start":{"line":10,"column":51},"end":{"line":12,"column":null}}},"2":{"name":"(anonymous_3)","decl":{"start":{"line":13,"column":25},"end":{"line":13,"column":26}},"loc":{"start":{"line":13,"column":54},"end":{"line":13,"column":75}}},"3":{"name":"(anonymous_4)","decl":{"start":{"line":14,"column":27},"end":{"line":14,"column":28}},"loc":{"start":{"line":14,"column":56},"end":{"line":14,"column":79}}}},"branchMap":{},"s":{"0":1,"1":1,"2":1,"3":1,"4":5,"5":5,"6":2,"7":8,"8":8,"9":1},"f":{"0":5,"1":2,"2":8,"3":8},"b":{}}
,"C:\\baps\\react_all\\todos2022\\react-app\\src\\store\\data\\todos\\actionAndReducers\\populateTodos.ts": {"path":"C:\\baps\\react_all\\todos2022\\react-app\\src\\store\\data\\todos\\actionAndReducers\\populateTodos.ts","statementMap":{"0":{"start":{"line":3,"column":35},"end":{"line":3,"column":57}},"1":{"start":{"line":3,"column":13},"end":{"line":3,"column":35}},"2":{"start":{"line":15,"column":49},"end":{"line":18,"column":2}},"3":{"start":{"line":15,"column":63},"end":{"line":18,"column":2}},"4":{"start":{"line":15,"column":13},"end":{"line":15,"column":49}},"5":{"start":{"line":21,"column":51},"end":{"line":32,"column":1}},"6":{"start":{"line":22,"column":17},"end":{"line":22,"column":24}},"7":{"start":{"line":24,"column":18},"end":{"line":24,"column":50}},"8":{"start":{"line":25,"column":21},"end":{"line":25,"column":57}},"9":{"start":{"line":27,"column":2},"end":{"line":31,"column":4}},"10":{"start":{"line":21,"column":13},"end":{"line":21,"column":51}}},"fnMap":{"0":{"name":"(anonymous_0)","decl":{"start":{"line":15,"column":49},"end":{"line":15,"column":50}},"loc":{"start":{"line":15,"column":63},"end":{"line":18,"column":2}}},"1":{"name":"(anonymous_1)","decl":{"start":{"line":21,"column":51},"end":{"line":21,"column":52}},"loc":{"start":{"line":21,"column":75},"end":{"line":32,"column":1}}}},"branchMap":{"0":{"loc":{"start":{"line":24,"column":18},"end":{"line":24,"column":50}},"type":"binary-expr","locations":[{"start":{"line":24,"column":18},"end":{"line":24,"column":33}},{"start":{"line":24,"column":37},"end":{"line":24,"column":50}}]},"1":{"loc":{"start":{"line":25,"column":21},"end":{"line":25,"column":57}},"type":"binary-expr","locations":[{"start":{"line":25,"column":21},"end":{"line":25,"column":38}},{"start":{"line":25,"column":42},"end":{"line":25,"column":57}}]}},"s":{"0":2,"1":2,"2":2,"3":2,"4":2,"5":2,"6":3,"7":3,"8":3,"9":3,"10":2},"f":{"0":2,"1":3},"b":{"0":[3,1],"1":[3,2]}}
}
