TN:
SF:src\components\TodoAdd\TodoAdd.tsx
FN:6,(anonymous_2)
FN:11,(anonymous_3)
FN:14,(anonymous_4)
FN:15,(anonymous_5)
FN:17,(anonymous_6)
FNF:5
FNH:1
FNDA:2,(anonymous_2)
FNDA:0,(anonymous_3)
FNDA:0,(anonymous_4)
FNDA:0,(anonymous_5)
FNDA:0,(anonymous_6)
DA:1,1
DA:2,1
DA:3,1
DA:6,1
DA:7,2
DA:9,2
DA:11,2
DA:12,0
DA:14,2
DA:15,0
DA:16,0
DA:17,0
DA:18,0
DA:23,0
DA:25,2
DA:42,1
LF:16
LH:10
BRDA:16,0,0,0
BRF:1
BRH:0
end_of_record
TN:
SF:src\components\TodoArticle\TodoArticle.tsx
FN:18,(anonymous_1)
FN:33,(anonymous_2)
FN:35,(anonymous_3)
FN:39,(anonymous_4)
FN:50,(anonymous_5)
FNF:5
FNH:3
FNDA:2,(anonymous_1)
FNDA:4,(anonymous_2)
FNDA:0,(anonymous_3)
FNDA:0,(anonymous_4)
FNDA:2,(anonymous_5)
DA:1,1
DA:2,1
DA:4,1
DA:5,1
DA:18,1
DA:20,2
DA:33,1
DA:34,4
DA:35,4
DA:36,0
DA:38,0
DA:39,0
DA:40,0
DA:45,4
DA:51,2
DA:61,1
LF:16
LH:12
BRDA:33,0,0,0
BRDA:48,1,0,2
BRDA:48,1,1,2
BRF:3
BRH:2
end_of_record
TN:
SF:src\components\Todos\Todos.tsx
FN:15,(anonymous_1)
FN:23,(anonymous_2)
FNF:2
FNH:2
FNDA:3,(anonymous_1)
FNDA:2,(anonymous_2)
DA:1,1
DA:3,1
DA:5,1
DA:6,1
DA:8,1
DA:9,1
DA:11,1
DA:12,1
DA:15,1
DA:16,3
DA:17,3
DA:19,3
DA:20,3
DA:21,3
DA:23,3
DA:25,2
DA:31,3
DA:32,3
DA:35,2
DA:47,1
LF:20
LH:20
BRDA:31,0,0,0
BRDA:32,1,0,1
BRF:2
BRH:1
end_of_record
TN:
SF:src\pages\todos\index.tsx
FN:6,(anonymous_1)
FNF:1
FNH:1
FNDA:1,(anonymous_1)
DA:2,1
DA:3,1
DA:4,1
DA:6,1
DA:7,1
DA:17,1
LF:6
LH:6
BRF:0
BRH:0
end_of_record
TN:
SF:src\services\addTodo.ts
FN:16,(anonymous_1)
FNF:1
FNH:0
FNDA:0,(anonymous_1)
DA:1,1
DA:3,1
DA:6,1
DA:16,1
DA:17,0
LF:5
LH:4
BRF:0
BRH:0
end_of_record
TN:
SF:src\services\getTodos.ts
FN:8,(anonymous_1)
FNF:1
FNH:1
FNDA:1,(anonymous_1)
DA:1,1
DA:5,1
DA:8,1
LF:3
LH:3
BRF:0
BRH:0
end_of_record
TN:
SF:src\services\updateTodo.ts
FN:14,(anonymous_1)
FNF:1
FNH:0
FNDA:0,(anonymous_1)
DA:1,1
DA:3,1
DA:5,1
DA:14,1
DA:15,0
LF:5
LH:4
BRF:0
BRH:0
end_of_record
TN:
SF:src\services\util.ts
FNF:0
FNH:0
DA:4,1
LF:1
LH:1
BRF:0
BRH:0
end_of_record
TN:
SF:src\store\data\todos\_initialState.ts
FNF:0
FNH:0
DA:8,2
DA:13,2
LF:2
LH:2
BRF:0
BRH:0
end_of_record
TN:
SF:src\store\data\todos\actionAndReducers\populateTodos.ts
FN:16,(anonymous_0)
FN:22,(anonymous_1)
FNF:2
FNH:2
FNDA:2,(anonymous_0)
FNDA:3,(anonymous_1)
DA:4,2
DA:16,2
DA:22,2
DA:23,3
DA:25,3
DA:26,3
DA:28,3
LF:7
LH:7
BRDA:25,0,0,3
BRDA:25,0,1,1
BRDA:26,1,0,3
BRDA:26,1,1,2
BRF:4
BRH:4
end_of_record
TN:
SF:src\types\index.ts
FN:1,(anonymous_0)
FN:2,(anonymous_2)
FNF:2
FNH:0
FNDA:0,(anonymous_0)
FNDA:0,(anonymous_2)
DA:1,0
DA:2,0
LF:2
LH:0
BRDA:1,0,0,0
BRDA:1,1,0,0
BRDA:1,1,1,0
BRDA:2,2,0,0
BRDA:2,3,0,0
BRDA:2,3,1,0
BRF:6
BRH:0
end_of_record
