TN:
SF:src\components\TodoArticle\TodoArticle.tsx
FN:9,(anonymous_1)
FN:11,(anonymous_2)
FN:17,(anonymous_3)
FNF:3
FNH:3
FNDA:2,(anonymous_1)
FNDA:2,(anonymous_2)
FNDA:2,(anonymous_3)
DA:1,1
DA:2,1
DA:9,2
DA:11,1
DA:12,2
DA:18,2
DA:26,1
LF:7
LH:7
BRDA:11,0,0,0
BRDA:15,1,0,2
BRDA:15,1,1,0
BRF:3
BRH:1
end_of_record
TN:
SF:src\pages\todos\index.tsx
FN:10,(anonymous_1)
FNF:1
FNH:1
FNDA:2,(anonymous_1)
DA:2,1
DA:4,1
DA:5,1
DA:6,1
DA:7,1
DA:10,1
DA:11,2
DA:12,2
DA:13,2
DA:15,1
DA:16,1
DA:31,1
LF:12
LH:12
BRDA:12,0,0,0
BRDA:13,1,0,1
BRF:2
BRH:1
end_of_record
TN:
SF:src\services\todos.ts
FN:6,(anonymous_1)
FNF:1
FNH:1
FNDA:1,(anonymous_1)
DA:2,1
DA:6,1
DA:7,1
DA:9,1
LF:4
LH:4
BRF:0
BRH:0
end_of_record
